2026-02-28 12:38:16,299 - /home/user/yjy23/IAA_Mol_DrugOOD/IGM_code/utils/util.py[line:51] - INFO: +-----------------------+------------------------------------------------------+
| Parameter             | Value                                                |
+-----------------------+------------------------------------------------------+
| device                | 0                                                    |
+-----------------------+------------------------------------------------------+
| root                  | ./data                                               |
+-----------------------+------------------------------------------------------+
| dataset               | drugood_lbap_core_ec50_assay                         |
+-----------------------+------------------------------------------------------+
| subs_path             | ./data/DrugOOD/ec50/lbap_core_ec50_assay_brics_subst |
|                       | ructures.json                                        |
+-----------------------+------------------------------------------------------+
| bias                  | 0.500                                                |
+-----------------------+------------------------------------------------------+
| feature               | full                                                 |
+-----------------------+------------------------------------------------------+
| eps                   | -1                                                   |
+-----------------------+------------------------------------------------------+
| batch_size            | 32                                                   |
+-----------------------+------------------------------------------------------+
| epoch                 | 15                                                   |
+-----------------------+------------------------------------------------------+
| lr                    | 0.001                                                |
+-----------------------+------------------------------------------------------+
| seed                  | 4                                                    |
+-----------------------+------------------------------------------------------+
| pretrain              | 20                                                   |
+-----------------------+------------------------------------------------------+
| emb_dim               | 64                                                   |
+-----------------------+------------------------------------------------------+
| classifier_emb_dim    | 64                                                   |
+-----------------------+------------------------------------------------------+
| classifier_input_feat | raw                                                  |
+-----------------------+------------------------------------------------------+
| model                 | gin                                                  |
+-----------------------+------------------------------------------------------+
| pooling               | mean                                                 |
+-----------------------+------------------------------------------------------+
| num_layers            | 2                                                    |
+-----------------------+------------------------------------------------------+
| num_workers           | 4                                                    |
+-----------------------+------------------------------------------------------+
| early_stopping        | 5                                                    |
+-----------------------+------------------------------------------------------+
| dropout               | 0                                                    |
+-----------------------+------------------------------------------------------+
| virtual_node          | False                                                |
+-----------------------+------------------------------------------------------+
| eval_metric           | rocauc                                               |
+-----------------------+------------------------------------------------------+
| domain                | scaffold                                             |
+-----------------------+------------------------------------------------------+
| shift                 | covariate                                            |
+-----------------------+------------------------------------------------------+
| c_pred                | 0                                                    |
+-----------------------+------------------------------------------------------+
| s_pred                | 0                                                    |
+-----------------------+------------------------------------------------------+
| caus                  | 1                                                    |
+-----------------------+------------------------------------------------------+
| mix                   | 0                                                    |
+-----------------------+------------------------------------------------------+
| r                     | 0.700                                                |
+-----------------------+------------------------------------------------------+
| irm_w                 | 1                                                    |
+-----------------------+------------------------------------------------------+
| vrex_w                | 1                                                    |
+-----------------------+------------------------------------------------------+
| size_pred_w           | 1                                                    |
+-----------------------+------------------------------------------------------+
| shuf_pred_w           | 1                                                    |
+-----------------------+------------------------------------------------------+
| cau_mix_w             | 1                                                    |
+-----------------------+------------------------------------------------------+
| simsiam_w             | 1                                                    |
+-----------------------+------------------------------------------------------+
| dist_w                | 0                                                    |
+-----------------------+------------------------------------------------------+
| shuf_after_mix        | 0                                                    |
+-----------------------+------------------------------------------------------+
| pretrain_epoch        | 0                                                    |
+-----------------------+------------------------------------------------------+
| exp_id                | ec50_assay_seed_4                                    |
+-----------------------+------------------------------------------------------+
| num_prototype         | 7                                                    |
+-----------------------+------------------------------------------------------+
| no_tqdm               | False                                                |
+-----------------------+------------------------------------------------------+
| commit                |                                                      |
+-----------------------+------------------------------------------------------+
| save_model            | False                                                |
+-----------------------+------------------------------------------------------+
| temp                  | 1                                                    |
+-----------------------+------------------------------------------------------+
2026-02-28 12:38:16,300 - /home/user/yjy23/IAA_Mol_DrugOOD/IGM_code/main.py[line:387] - INFO: Using criterion <function main.<locals>.ce_loss at 0x7b3f2d6c3dc0>
2026-02-28 12:38:16,300 - /home/user/yjy23/IAA_Mol_DrugOOD/IGM_code/main.py[line:389] - INFO: # Train: 4540  #Val: 2572 #Test: 2490 
2026-02-28 12:47:34,911 - /home/user/yjy23/IAA_Mol_DrugOOD/IGM_code/main.py[line:580] - INFO: test_score:0.7500
2026-02-28 12:47:34,911 - /home/user/yjy23/IAA_Mol_DrugOOD/IGM_code/main.py[line:581] - INFO: best_test_score0.7679
