2026-02-25 15:07:54,023 - /home/user/yjy23/IGM_my_3/IGM_code/utils/util.py[line:51] - INFO: +-----------------------+------------------------------------------------------+
| Parameter             | Value                                                |
+-----------------------+------------------------------------------------------+
| device                | 0                                                    |
+-----------------------+------------------------------------------------------+
| root                  | ./data                                               |
+-----------------------+------------------------------------------------------+
| dataset               | drugood_lbap_core_ic50_assay                         |
+-----------------------+------------------------------------------------------+
| subs_path             | ./data/DrugOOD/ic50/lbap_core_ic50_assay_brics_subst |
|                       | ructures.json                                        |
+-----------------------+------------------------------------------------------+
| bias                  | 0.500                                                |
+-----------------------+------------------------------------------------------+
| feature               | full                                                 |
+-----------------------+------------------------------------------------------+
| eps                   | -1                                                   |
+-----------------------+------------------------------------------------------+
| batch_size            | 32                                                   |
+-----------------------+------------------------------------------------------+
| epoch                 | 15                                                   |
+-----------------------+------------------------------------------------------+
| lr                    | 0.001                                                |
+-----------------------+------------------------------------------------------+
| seed                  | 2                                                    |
+-----------------------+------------------------------------------------------+
| pretrain              | 20                                                   |
+-----------------------+------------------------------------------------------+
| emb_dim               | 128                                                  |
+-----------------------+------------------------------------------------------+
| classifier_emb_dim    | 64                                                   |
+-----------------------+------------------------------------------------------+
| classifier_input_feat | feat                                                 |
+-----------------------+------------------------------------------------------+
| model                 | gin                                                  |
+-----------------------+------------------------------------------------------+
| pooling               | mean                                                 |
+-----------------------+------------------------------------------------------+
| num_layers            | 3                                                    |
+-----------------------+------------------------------------------------------+
| num_workers           | 4                                                    |
+-----------------------+------------------------------------------------------+
| early_stopping        | 5                                                    |
+-----------------------+------------------------------------------------------+
| dropout               | 0                                                    |
+-----------------------+------------------------------------------------------+
| virtual_node          | False                                                |
+-----------------------+------------------------------------------------------+
| eval_metric           | rocauc                                               |
+-----------------------+------------------------------------------------------+
| domain                | scaffold                                             |
+-----------------------+------------------------------------------------------+
| shift                 | covariate                                            |
+-----------------------+------------------------------------------------------+
| c_pred                | 0                                                    |
+-----------------------+------------------------------------------------------+
| s_pred                | 0                                                    |
+-----------------------+------------------------------------------------------+
| caus                  | 1                                                    |
+-----------------------+------------------------------------------------------+
| mix                   | 0                                                    |
+-----------------------+------------------------------------------------------+
| r                     | 0.700                                                |
+-----------------------+------------------------------------------------------+
| irm_w                 | 1                                                    |
+-----------------------+------------------------------------------------------+
| vrex_w                | 1                                                    |
+-----------------------+------------------------------------------------------+
| size_pred_w           | 1                                                    |
+-----------------------+------------------------------------------------------+
| shuf_pred_w           | 1                                                    |
+-----------------------+------------------------------------------------------+
| cau_mix_w             | 1                                                    |
+-----------------------+------------------------------------------------------+
| simsiam_w             | 1                                                    |
+-----------------------+------------------------------------------------------+
| dist_w                | 0                                                    |
+-----------------------+------------------------------------------------------+
| shuf_after_mix        | 0                                                    |
+-----------------------+------------------------------------------------------+
| pretrain_epoch        | 0                                                    |
+-----------------------+------------------------------------------------------+
| exp_id                | ic50_assay_layers_3_d0_2                             |
+-----------------------+------------------------------------------------------+
| num_prototype         | 7                                                    |
+-----------------------+------------------------------------------------------+
| no_tqdm               | False                                                |
+-----------------------+------------------------------------------------------+
| commit                |                                                      |
+-----------------------+------------------------------------------------------+
| save_model            | False                                                |
+-----------------------+------------------------------------------------------+
| temp                  | 1                                                    |
+-----------------------+------------------------------------------------------+
2026-02-25 15:07:54,023 - /home/user/yjy23/IGM_my_3/IGM_code/main.py[line:386] - INFO: Using criterion <function main.<locals>.ce_loss at 0x71077dae29d0>
2026-02-25 15:07:54,023 - /home/user/yjy23/IGM_my_3/IGM_code/main.py[line:388] - INFO: # Train: 34179  #Val: 19028 #Test: 19032 
2026-02-25 17:46:02,586 - /home/user/yjy23/IGM_my_3/IGM_code/main.py[line:579] - INFO: test_score:0.7033
2026-02-25 17:46:02,587 - /home/user/yjy23/IGM_my_3/IGM_code/main.py[line:580] - INFO: best_test_score0.7166
