2026-02-25 21:21:39,336 - /home/user/yjy23/IGM_my_GOODHIV/IGM_code/utils/util.py[line:51] - INFO: +-----------------------+---------------------------------------+
| Parameter             | Value                                 |
+-----------------------+---------------------------------------+
| device                | 0                                     |
+-----------------------+---------------------------------------+
| root                  | ./data                                |
+-----------------------+---------------------------------------+
| dataset               | GOODHIV                               |
+-----------------------+---------------------------------------+
| subs_path             | ./preprocess/GOODHIV/scaffold/concept |
+-----------------------+---------------------------------------+
| bias                  | 0.500                                 |
+-----------------------+---------------------------------------+
| feature               | full                                  |
+-----------------------+---------------------------------------+
| decomp_method         | brics                                 |
+-----------------------+---------------------------------------+
| eps                   | 0.950                                 |
+-----------------------+---------------------------------------+
| batch_size            | 32                                    |
+-----------------------+---------------------------------------+
| epoch                 | 15                                    |
+-----------------------+---------------------------------------+
| lr                    | 0.001                                 |
+-----------------------+---------------------------------------+
| seed                  | [0]                                   |
+-----------------------+---------------------------------------+
| pretrain              | 20                                    |
+-----------------------+---------------------------------------+
| emb_dim               | 64                                    |
+-----------------------+---------------------------------------+
| classifier_emb_dim    | 64                                    |
+-----------------------+---------------------------------------+
| classifier_input_feat | raw                                   |
+-----------------------+---------------------------------------+
| model                 | gin                                   |
+-----------------------+---------------------------------------+
| pooling               | mean                                  |
+-----------------------+---------------------------------------+
| num_layers            | 2                                     |
+-----------------------+---------------------------------------+
| num_workers           | 4                                     |
+-----------------------+---------------------------------------+
| early_stopping        | 5                                     |
+-----------------------+---------------------------------------+
| dropout               | 0                                     |
+-----------------------+---------------------------------------+
| virtual_node          | False                                 |
+-----------------------+---------------------------------------+
| eval_metric           | auc                                   |
+-----------------------+---------------------------------------+
| domain                | scaffold                              |
+-----------------------+---------------------------------------+
| shift                 | concept                               |
+-----------------------+---------------------------------------+
| c_pred                | 0                                     |
+-----------------------+---------------------------------------+
| s_pred                | 0                                     |
+-----------------------+---------------------------------------+
| caus                  | 0                                     |
+-----------------------+---------------------------------------+
| mix                   | 0                                     |
+-----------------------+---------------------------------------+
| r                     | 0.700                                 |
+-----------------------+---------------------------------------+
| vrex_w                | 0                                     |
+-----------------------+---------------------------------------+
| size_pred_w           | 0                                     |
+-----------------------+---------------------------------------+
| shuf_pred_w           | 1                                     |
+-----------------------+---------------------------------------+
| cau_mix_w             | 0                                     |
+-----------------------+---------------------------------------+
| simsiam_w             | 0                                     |
+-----------------------+---------------------------------------+
| dist_w                | 0                                     |
+-----------------------+---------------------------------------+
| shuf_after_mix        | 0                                     |
+-----------------------+---------------------------------------+
| pretrain_epoch        | 0                                     |
+-----------------------+---------------------------------------+
| exp_id                | GH_scaf_concept_caus0_0               |
+-----------------------+---------------------------------------+
| num_prototype         | 7                                     |
+-----------------------+---------------------------------------+
| no_tqdm               | False                                 |
+-----------------------+---------------------------------------+
| commit                |                                       |
+-----------------------+---------------------------------------+
| save_model            | False                                 |
+-----------------------+---------------------------------------+
| temp                  | 1                                     |
+-----------------------+---------------------------------------+
2026-02-25 21:21:39,337 - /home/user/yjy23/IGM_my_GOODHIV/IGM_code/main.py[line:283] - INFO: Using criterion <function main.<locals>.ce_loss at 0x7192ef1dd430>
2026-02-25 21:21:39,337 - /home/user/yjy23/IGM_my_GOODHIV/IGM_code/main.py[line:285] - INFO: # Train: 15209  #Val: 9365 #Test: 10037 
2026-02-25 22:06:23,930 - /home/user/yjy23/IGM_my_GOODHIV/IGM_code/main.py[line:501] - INFO: test_score:0.6585
2026-02-25 22:06:23,930 - /home/user/yjy23/IGM_my_GOODHIV/IGM_code/main.py[line:502] - INFO: best_test_score0.6585
