2026-02-23 04:38:07,549 - /home/user/yjy23/IGM_my_GOODHIV/IGM_code/utils/util.py[line:51] - INFO: +-----------------------+-------------------------------------+
| Parameter             | Value                               |
+-----------------------+-------------------------------------+
| device                | 0                                   |
+-----------------------+-------------------------------------+
| root                  | ./data                              |
+-----------------------+-------------------------------------+
| dataset               | GOODHIV                             |
+-----------------------+-------------------------------------+
| subs_path             | ./preprocess/GOODHIV/size/covariate |
+-----------------------+-------------------------------------+
| bias                  | 0.500                               |
+-----------------------+-------------------------------------+
| feature               | full                                |
+-----------------------+-------------------------------------+
| decomp_method         | brics                               |
+-----------------------+-------------------------------------+
| eps                   | 0.950                               |
+-----------------------+-------------------------------------+
| batch_size            | 32                                  |
+-----------------------+-------------------------------------+
| epoch                 | 10                                  |
+-----------------------+-------------------------------------+
| lr                    | 0.001                               |
+-----------------------+-------------------------------------+
| seed                  | [3]                                 |
+-----------------------+-------------------------------------+
| pretrain              | 20                                  |
+-----------------------+-------------------------------------+
| emb_dim               | 64                                  |
+-----------------------+-------------------------------------+
| classifier_emb_dim    | 64                                  |
+-----------------------+-------------------------------------+
| classifier_input_feat | raw                                 |
+-----------------------+-------------------------------------+
| model                 | gin                                 |
+-----------------------+-------------------------------------+
| pooling               | mean                                |
+-----------------------+-------------------------------------+
| num_layers            | 2                                   |
+-----------------------+-------------------------------------+
| num_workers           | 4                                   |
+-----------------------+-------------------------------------+
| early_stopping        | 5                                   |
+-----------------------+-------------------------------------+
| dropout               | 0                                   |
+-----------------------+-------------------------------------+
| virtual_node          | False                               |
+-----------------------+-------------------------------------+
| eval_metric           | auc                                 |
+-----------------------+-------------------------------------+
| domain                | size                                |
+-----------------------+-------------------------------------+
| shift                 | covariate                           |
+-----------------------+-------------------------------------+
| c_pred                | 0                                   |
+-----------------------+-------------------------------------+
| s_pred                | 0                                   |
+-----------------------+-------------------------------------+
| caus                  | 1                                   |
+-----------------------+-------------------------------------+
| mix                   | 0                                   |
+-----------------------+-------------------------------------+
| r                     | 0.700                               |
+-----------------------+-------------------------------------+
| irm_w                 | 1                                   |
+-----------------------+-------------------------------------+
| vrex_w                | 0                                   |
+-----------------------+-------------------------------------+
| size_pred_w           | 1                                   |
+-----------------------+-------------------------------------+
| shuf_pred_w           | 1                                   |
+-----------------------+-------------------------------------+
| cau_mix_w             | 0                                   |
+-----------------------+-------------------------------------+
| simsiam_w             | 0                                   |
+-----------------------+-------------------------------------+
| dist_w                | 0                                   |
+-----------------------+-------------------------------------+
| shuf_after_mix        | 0                                   |
+-----------------------+-------------------------------------+
| pretrain_epoch        | 0                                   |
+-----------------------+-------------------------------------+
| exp_id                | GH_size_cova_only_size_3            |
+-----------------------+-------------------------------------+
| num_prototype         | 10                                  |
+-----------------------+-------------------------------------+
| no_tqdm               | False                               |
+-----------------------+-------------------------------------+
| commit                |                                     |
+-----------------------+-------------------------------------+
| save_model            | False                               |
+-----------------------+-------------------------------------+
| temp                  | 1                                   |
+-----------------------+-------------------------------------+
2026-02-23 04:38:07,549 - /home/user/yjy23/IGM_my_GOODHIV/IGM_code/main.py[line:284] - INFO: Using criterion <function main.<locals>.ce_loss at 0x7e9cc82a63a0>
2026-02-23 04:38:07,549 - /home/user/yjy23/IGM_my_GOODHIV/IGM_code/main.py[line:286] - INFO: # Train: 26169  #Val: 2773 #Test: 3961 
2026-02-23 05:03:15,553 - /home/user/yjy23/IGM_my_GOODHIV/IGM_code/main.py[line:502] - INFO: test_score:0.6201
2026-02-23 05:03:15,554 - /home/user/yjy23/IGM_my_GOODHIV/IGM_code/main.py[line:503] - INFO: best_test_score0.6201
