2026-02-27 12:43:37,961 - /home/user/yjy23/IGM_my_OGB/IGM_code/utils/util.py[line:51] - INFO: +-----------------------+------------------------------------------------------+
| Parameter             | Value                                                |
+-----------------------+------------------------------------------------------+
| device                | 0                                                    |
+-----------------------+------------------------------------------------------+
| root                  | ./data                                               |
+-----------------------+------------------------------------------------------+
| dataset               | ogbg-molbace                                         |
+-----------------------+------------------------------------------------------+
| subs_path             | ./preprocess/ogbg_molbace/substructure_stats_brics.j |
|                       | son                                                  |
+-----------------------+------------------------------------------------------+
| bias                  | 0.500                                                |
+-----------------------+------------------------------------------------------+
| feature               | full                                                 |
+-----------------------+------------------------------------------------------+
| decomp_method         | brics                                                |
+-----------------------+------------------------------------------------------+
| eps                   | 0.950                                                |
+-----------------------+------------------------------------------------------+
| batch_size            | 32                                                   |
+-----------------------+------------------------------------------------------+
| epoch                 | 15                                                   |
+-----------------------+------------------------------------------------------+
| lr                    | 0.001                                                |
+-----------------------+------------------------------------------------------+
| seed                  | [1]                                                  |
+-----------------------+------------------------------------------------------+
| pretrain              | 20                                                   |
+-----------------------+------------------------------------------------------+
| emb_dim               | 64                                                   |
+-----------------------+------------------------------------------------------+
| classifier_emb_dim    | 64                                                   |
+-----------------------+------------------------------------------------------+
| classifier_input_feat | raw                                                  |
+-----------------------+------------------------------------------------------+
| model                 | gin                                                  |
+-----------------------+------------------------------------------------------+
| pooling               | mean                                                 |
+-----------------------+------------------------------------------------------+
| num_layers            | 2                                                    |
+-----------------------+------------------------------------------------------+
| num_workers           | 4                                                    |
+-----------------------+------------------------------------------------------+
| early_stopping        | 5                                                    |
+-----------------------+------------------------------------------------------+
| dropout               | 0                                                    |
+-----------------------+------------------------------------------------------+
| virtual_node          | False                                                |
+-----------------------+------------------------------------------------------+
| eval_metric           | rocauc                                               |
+-----------------------+------------------------------------------------------+
| domain                | scaffold                                             |
+-----------------------+------------------------------------------------------+
| shift                 | covariate                                            |
+-----------------------+------------------------------------------------------+
| c_pred                | 0                                                    |
+-----------------------+------------------------------------------------------+
| s_pred                | 0                                                    |
+-----------------------+------------------------------------------------------+
| caus                  | 1                                                    |
+-----------------------+------------------------------------------------------+
| mix                   | 0                                                    |
+-----------------------+------------------------------------------------------+
| r                     | 0.700                                                |
+-----------------------+------------------------------------------------------+
| irm_w                 | 1                                                    |
+-----------------------+------------------------------------------------------+
| vrex_w                | 0                                                    |
+-----------------------+------------------------------------------------------+
| size_pred_w           | 1                                                    |
+-----------------------+------------------------------------------------------+
| shuf_pred_w           | 1                                                    |
+-----------------------+------------------------------------------------------+
| cau_mix_w             | 0                                                    |
+-----------------------+------------------------------------------------------+
| simsiam_w             | 0                                                    |
+-----------------------+------------------------------------------------------+
| dist_w                | 0                                                    |
+-----------------------+------------------------------------------------------+
| shuf_after_mix        | 0                                                    |
+-----------------------+------------------------------------------------------+
| pretrain_epoch        | 0                                                    |
+-----------------------+------------------------------------------------------+
| exp_id                | bace_1                                               |
+-----------------------+------------------------------------------------------+
| num_prototype         | 7                                                    |
+-----------------------+------------------------------------------------------+
| no_tqdm               | False                                                |
+-----------------------+------------------------------------------------------+
| commit                |                                                      |
+-----------------------+------------------------------------------------------+
| save_model            | False                                                |
+-----------------------+------------------------------------------------------+
| temp                  | 1                                                    |
+-----------------------+------------------------------------------------------+
2026-02-27 12:43:37,961 - /home/user/yjy23/IGM_my_OGB/IGM_code/main.py[line:291] - INFO: Using criterion <function main.<locals>.ce_loss at 0x7e8198d010d0>
2026-02-27 12:43:37,961 - /home/user/yjy23/IGM_my_OGB/IGM_code/main.py[line:293] - INFO: # Train: 1210  #Val: 151 #Test: 152 
2026-02-27 12:47:45,954 - /home/user/yjy23/IGM_my_OGB/IGM_code/main.py[line:503] - INFO: test_score:0.7951
2026-02-27 12:47:45,954 - /home/user/yjy23/IGM_my_OGB/IGM_code/main.py[line:504] - INFO: best_test_score0.7951
